2018-01-18 00:13:39,202 INFO Images list has been created
2018-01-18 00:13:39,202 INFO Images list has been created
2018-01-18 00:13:39,202 INFO Images list has been created
2018-01-18 00:13:39,202 INFO Images list has been created
2018-01-18 00:13:39,202 INFO Images list length is 400
2018-01-18 00:13:39,202 INFO Images list length is 400
2018-01-18 00:13:39,202 INFO Images list length is 400
2018-01-18 00:13:39,202 INFO Images list length is 400
2018-01-18 00:14:37,028 INFO Images list has been created
2018-01-18 00:14:37,028 INFO Images list has been created
2018-01-18 00:14:37,028 INFO Images list has been created
2018-01-18 00:14:37,028 INFO Images list has been created
2018-01-18 00:14:37,028 INFO Images list has been created
2018-01-18 00:14:37,028 INFO Images list length is 400
2018-01-18 00:14:37,028 INFO Images list length is 400
2018-01-18 00:14:37,028 INFO Images list length is 400
2018-01-18 00:14:37,028 INFO Images list length is 400
2018-01-18 00:14:37,028 INFO Images list length is 400
2018-01-18 00:14:37,029 INFO Directory "/home/pi/kolchoz/savarts/dane_suhora/2017-11-16/hd204827/output" has been created.
2018-01-18 00:14:37,029 INFO Directory "/home/pi/kolchoz/savarts/dane_suhora/2017-11-16/hd204827/output" has been created.
2018-01-18 00:14:37,029 INFO Directory "/home/pi/kolchoz/savarts/dane_suhora/2017-11-16/hd204827/output" has been created.
2018-01-18 00:14:37,029 INFO Directory "/home/pi/kolchoz/savarts/dane_suhora/2017-11-16/hd204827/output" has been created.
2018-01-18 00:14:37,029 INFO Directory "/home/pi/kolchoz/savarts/dane_suhora/2017-11-16/hd204827/output" has been created.
2018-01-18 00:19:06,355 INFO Images list has been created
2018-01-18 00:19:06,355 INFO Images list has been created
2018-01-18 00:19:06,355 INFO Images list has been created
2018-01-18 00:19:06,355 INFO Images list has been created
2018-01-18 00:19:06,355 INFO Images list has been created
2018-01-18 00:19:06,356 INFO Images list length is 400
2018-01-18 00:19:06,356 INFO Images list length is 400
2018-01-18 00:19:06,356 INFO Images list length is 400
2018-01-18 00:19:06,356 INFO Images list length is 400
2018-01-18 00:19:06,356 INFO Images list length is 400
2018-01-18 00:20:02,773 INFO Images list has been created
2018-01-18 00:20:02,773 INFO Images list has been created
2018-01-18 00:20:02,773 INFO Images list has been created
2018-01-18 00:20:02,773 INFO Images list has been created
2018-01-18 00:20:02,773 INFO Images list has been created
2018-01-18 00:20:02,773 INFO Images list length is 400
2018-01-18 00:20:02,773 INFO Images list length is 400
2018-01-18 00:20:02,773 INFO Images list length is 400
2018-01-18 00:20:02,773 INFO Images list length is 400
2018-01-18 00:20:02,773 INFO Images list length is 400
2018-01-18 00:20:22,917 INFO Images list has been created
2018-01-18 00:20:22,917 INFO Images list has been created
2018-01-18 00:20:22,917 INFO Images list has been created
2018-01-18 00:20:22,917 INFO Images list has been created
2018-01-18 00:20:22,917 INFO Images list has been created
2018-01-18 00:20:22,917 INFO Images list has been created
2018-01-18 00:20:22,917 INFO Images list length is 400
2018-01-18 00:20:22,917 INFO Images list length is 400
2018-01-18 00:20:22,917 INFO Images list length is 400
2018-01-18 00:20:22,917 INFO Images list length is 400
2018-01-18 00:20:22,917 INFO Images list length is 400
2018-01-18 00:20:22,917 INFO Images list length is 400
2018-01-18 00:20:22,918 WARNING Directory "/home/pi/kolchoz/savarts/dane_suhora/2017-11-16/hd204827/output" could not be created.
2018-01-18 00:20:22,918 WARNING Directory "/home/pi/kolchoz/savarts/dane_suhora/2017-11-16/hd204827/output" could not be created.
2018-01-18 00:20:22,918 WARNING Directory "/home/pi/kolchoz/savarts/dane_suhora/2017-11-16/hd204827/output" could not be created.
2018-01-18 00:20:22,918 WARNING Directory "/home/pi/kolchoz/savarts/dane_suhora/2017-11-16/hd204827/output" could not be created.
2018-01-18 00:20:22,918 WARNING Directory "/home/pi/kolchoz/savarts/dane_suhora/2017-11-16/hd204827/output" could not be created.
2018-01-18 00:20:22,918 WARNING Directory "/home/pi/kolchoz/savarts/dane_suhora/2017-11-16/hd204827/output" could not be created.
2018-01-18 00:20:23,657 INFO Images list has been created
2018-01-18 00:20:23,657 INFO Images list has been created
2018-01-18 00:20:23,657 INFO Images list has been created
2018-01-18 00:20:23,657 INFO Images list has been created
2018-01-18 00:20:23,657 INFO Images list has been created
2018-01-18 00:20:23,657 INFO Images list has been created
2018-01-18 00:20:23,657 INFO Images list length is 400
2018-01-18 00:20:23,657 INFO Images list length is 400
2018-01-18 00:20:23,657 INFO Images list length is 400
2018-01-18 00:20:23,657 INFO Images list length is 400
2018-01-18 00:20:23,657 INFO Images list length is 400
2018-01-18 00:20:23,657 INFO Images list length is 400
2018-01-18 00:20:51,367 INFO Images list has been created
2018-01-18 00:20:51,367 INFO Images list has been created
2018-01-18 00:20:51,367 INFO Images list has been created
2018-01-18 00:20:51,367 INFO Images list has been created
2018-01-18 00:20:51,367 INFO Images list has been created
2018-01-18 00:20:51,367 INFO Images list has been created
2018-01-18 00:20:51,367 INFO Images list has been created
2018-01-18 00:20:51,367 INFO Images list length is 400
2018-01-18 00:20:51,367 INFO Images list length is 400
2018-01-18 00:20:51,367 INFO Images list length is 400
2018-01-18 00:20:51,367 INFO Images list length is 400
2018-01-18 00:20:51,367 INFO Images list length is 400
2018-01-18 00:20:51,367 INFO Images list length is 400
2018-01-18 00:20:51,367 INFO Images list length is 400
2018-01-18 00:20:51,368 WARNING Directory "/home/pi/kolchoz/savarts/dane_suhora/2017-11-16/hd204827/output" could not be created.
2018-01-18 00:20:51,368 WARNING Directory "/home/pi/kolchoz/savarts/dane_suhora/2017-11-16/hd204827/output" could not be created.
2018-01-18 00:20:51,368 WARNING Directory "/home/pi/kolchoz/savarts/dane_suhora/2017-11-16/hd204827/output" could not be created.
2018-01-18 00:20:51,368 WARNING Directory "/home/pi/kolchoz/savarts/dane_suhora/2017-11-16/hd204827/output" could not be created.
2018-01-18 00:20:51,368 WARNING Directory "/home/pi/kolchoz/savarts/dane_suhora/2017-11-16/hd204827/output" could not be created.
2018-01-18 00:20:51,368 WARNING Directory "/home/pi/kolchoz/savarts/dane_suhora/2017-11-16/hd204827/output" could not be created.
2018-01-18 00:20:51,368 WARNING Directory "/home/pi/kolchoz/savarts/dane_suhora/2017-11-16/hd204827/output" could not be created.
2018-01-18 00:20:51,786 INFO Images list has been created
2018-01-18 00:20:51,786 INFO Images list has been created
2018-01-18 00:20:51,786 INFO Images list has been created
2018-01-18 00:20:51,786 INFO Images list has been created
2018-01-18 00:20:51,786 INFO Images list has been created
2018-01-18 00:20:51,786 INFO Images list has been created
2018-01-18 00:20:51,786 INFO Images list has been created
2018-01-18 00:20:51,786 INFO Images list length is 400
2018-01-18 00:20:51,786 INFO Images list length is 400
2018-01-18 00:20:51,786 INFO Images list length is 400
2018-01-18 00:20:51,786 INFO Images list length is 400
2018-01-18 00:20:51,786 INFO Images list length is 400
2018-01-18 00:20:51,786 INFO Images list length is 400
2018-01-18 00:20:51,786 INFO Images list length is 400
2018-01-18 00:24:28,259 INFO Images list has been created
2018-01-18 00:24:28,259 INFO Images list has been created
2018-01-18 00:24:28,259 INFO Images list has been created
2018-01-18 00:24:28,259 INFO Images list has been created
2018-01-18 00:24:28,259 INFO Images list has been created
2018-01-18 00:24:28,259 INFO Images list has been created
2018-01-18 00:24:28,259 INFO Images list has been created
2018-01-18 00:24:28,259 INFO Images list has been created
2018-01-18 00:24:28,264 INFO Images list length is 9
2018-01-18 00:24:28,264 INFO Images list length is 9
2018-01-18 00:24:28,264 INFO Images list length is 9
2018-01-18 00:24:28,264 INFO Images list length is 9
2018-01-18 00:24:28,264 INFO Images list length is 9
2018-01-18 00:24:28,264 INFO Images list length is 9
2018-01-18 00:24:28,264 INFO Images list length is 9
2018-01-18 00:24:28,264 INFO Images list length is 9
2018-01-18 00:24:28,265 INFO Directory "/home/pi/kolchoz/savarts/dane_suhora/2017-11-16/test/output" has been created.
2018-01-18 00:24:28,265 INFO Directory "/home/pi/kolchoz/savarts/dane_suhora/2017-11-16/test/output" has been created.
2018-01-18 00:24:28,265 INFO Directory "/home/pi/kolchoz/savarts/dane_suhora/2017-11-16/test/output" has been created.
2018-01-18 00:24:28,265 INFO Directory "/home/pi/kolchoz/savarts/dane_suhora/2017-11-16/test/output" has been created.
2018-01-18 00:24:28,265 INFO Directory "/home/pi/kolchoz/savarts/dane_suhora/2017-11-16/test/output" has been created.
2018-01-18 00:24:28,265 INFO Directory "/home/pi/kolchoz/savarts/dane_suhora/2017-11-16/test/output" has been created.
2018-01-18 00:24:28,265 INFO Directory "/home/pi/kolchoz/savarts/dane_suhora/2017-11-16/test/output" has been created.
2018-01-18 00:24:28,265 INFO Directory "/home/pi/kolchoz/savarts/dane_suhora/2017-11-16/test/output" has been created.
2018-01-18 00:24:31,737 INFO Images list has been created
2018-01-18 00:24:31,737 INFO Images list has been created
2018-01-18 00:24:31,737 INFO Images list has been created
2018-01-18 00:24:31,737 INFO Images list has been created
2018-01-18 00:24:31,737 INFO Images list has been created
2018-01-18 00:24:31,737 INFO Images list has been created
2018-01-18 00:24:31,737 INFO Images list has been created
2018-01-18 00:24:31,737 INFO Images list has been created
2018-01-18 00:24:31,738 INFO Images list length is 9
2018-01-18 00:24:31,738 INFO Images list length is 9
2018-01-18 00:24:31,738 INFO Images list length is 9
2018-01-18 00:24:31,738 INFO Images list length is 9
2018-01-18 00:24:31,738 INFO Images list length is 9
2018-01-18 00:24:31,738 INFO Images list length is 9
2018-01-18 00:24:31,738 INFO Images list length is 9
2018-01-18 00:24:31,738 INFO Images list length is 9
2018-01-18 00:25:32,656 INFO Images list has been created
2018-01-18 00:25:32,656 INFO Images list has been created
2018-01-18 00:25:32,656 INFO Images list has been created
2018-01-18 00:25:32,656 INFO Images list has been created
2018-01-18 00:25:32,656 INFO Images list has been created
2018-01-18 00:25:32,656 INFO Images list has been created
2018-01-18 00:25:32,656 INFO Images list has been created
2018-01-18 00:25:32,656 INFO Images list has been created
2018-01-18 00:25:32,656 INFO Images list has been created
2018-01-18 00:25:32,657 INFO Images list length is 9
2018-01-18 00:25:32,657 INFO Images list length is 9
2018-01-18 00:25:32,657 INFO Images list length is 9
2018-01-18 00:25:32,657 INFO Images list length is 9
2018-01-18 00:25:32,657 INFO Images list length is 9
2018-01-18 00:25:32,657 INFO Images list length is 9
2018-01-18 00:25:32,657 INFO Images list length is 9
2018-01-18 00:25:32,657 INFO Images list length is 9
2018-01-18 00:25:32,657 INFO Images list length is 9
2018-01-18 00:25:32,658 WARNING Directory "/home/pi/kolchoz/savarts/dane_suhora/2017-11-16/test/output" could not be created.
2018-01-18 00:25:32,658 WARNING Directory "/home/pi/kolchoz/savarts/dane_suhora/2017-11-16/test/output" could not be created.
2018-01-18 00:25:32,658 WARNING Directory "/home/pi/kolchoz/savarts/dane_suhora/2017-11-16/test/output" could not be created.
2018-01-18 00:25:32,658 WARNING Directory "/home/pi/kolchoz/savarts/dane_suhora/2017-11-16/test/output" could not be created.
2018-01-18 00:25:32,658 WARNING Directory "/home/pi/kolchoz/savarts/dane_suhora/2017-11-16/test/output" could not be created.
2018-01-18 00:25:32,658 WARNING Directory "/home/pi/kolchoz/savarts/dane_suhora/2017-11-16/test/output" could not be created.
2018-01-18 00:25:32,658 WARNING Directory "/home/pi/kolchoz/savarts/dane_suhora/2017-11-16/test/output" could not be created.
2018-01-18 00:25:32,658 WARNING Directory "/home/pi/kolchoz/savarts/dane_suhora/2017-11-16/test/output" could not be created.
2018-01-18 00:25:32,658 WARNING Directory "/home/pi/kolchoz/savarts/dane_suhora/2017-11-16/test/output" could not be created.
2018-01-18 00:25:33,024 INFO Images list has been created
2018-01-18 00:25:33,024 INFO Images list has been created
2018-01-18 00:25:33,024 INFO Images list has been created
2018-01-18 00:25:33,024 INFO Images list has been created
2018-01-18 00:25:33,024 INFO Images list has been created
2018-01-18 00:25:33,024 INFO Images list has been created
2018-01-18 00:25:33,024 INFO Images list has been created
2018-01-18 00:25:33,024 INFO Images list has been created
2018-01-18 00:25:33,024 INFO Images list has been created
2018-01-18 00:25:33,025 INFO Images list length is 9
2018-01-18 00:25:33,025 INFO Images list length is 9
2018-01-18 00:25:33,025 INFO Images list length is 9
2018-01-18 00:25:33,025 INFO Images list length is 9
2018-01-18 00:25:33,025 INFO Images list length is 9
2018-01-18 00:25:33,025 INFO Images list length is 9
2018-01-18 00:25:33,025 INFO Images list length is 9
2018-01-18 00:25:33,025 INFO Images list length is 9
2018-01-18 00:25:33,025 INFO Images list length is 9
2018-01-18 00:26:13,650 INFO Images list has been created
2018-01-18 00:26:13,650 INFO Images list has been created
2018-01-18 00:26:13,650 INFO Images list has been created
2018-01-18 00:26:13,650 INFO Images list has been created
2018-01-18 00:26:13,650 INFO Images list has been created
2018-01-18 00:26:13,650 INFO Images list has been created
2018-01-18 00:26:13,650 INFO Images list has been created
2018-01-18 00:26:13,650 INFO Images list has been created
2018-01-18 00:26:13,650 INFO Images list has been created
2018-01-18 00:26:13,650 INFO Images list has been created
2018-01-18 00:26:13,650 INFO Images list length is 9
2018-01-18 00:26:13,650 INFO Images list length is 9
2018-01-18 00:26:13,650 INFO Images list length is 9
2018-01-18 00:26:13,650 INFO Images list length is 9
2018-01-18 00:26:13,650 INFO Images list length is 9
2018-01-18 00:26:13,650 INFO Images list length is 9
2018-01-18 00:26:13,650 INFO Images list length is 9
2018-01-18 00:26:13,650 INFO Images list length is 9
2018-01-18 00:26:13,650 INFO Images list length is 9
2018-01-18 00:26:13,650 INFO Images list length is 9
2018-01-18 00:26:13,651 WARNING Directory "/home/pi/kolchoz/savarts/dane_suhora/2017-11-16/test/output" could not be created.
2018-01-18 00:26:13,651 WARNING Directory "/home/pi/kolchoz/savarts/dane_suhora/2017-11-16/test/output" could not be created.
2018-01-18 00:26:13,651 WARNING Directory "/home/pi/kolchoz/savarts/dane_suhora/2017-11-16/test/output" could not be created.
2018-01-18 00:26:13,651 WARNING Directory "/home/pi/kolchoz/savarts/dane_suhora/2017-11-16/test/output" could not be created.
2018-01-18 00:26:13,651 WARNING Directory "/home/pi/kolchoz/savarts/dane_suhora/2017-11-16/test/output" could not be created.
2018-01-18 00:26:13,651 WARNING Directory "/home/pi/kolchoz/savarts/dane_suhora/2017-11-16/test/output" could not be created.
2018-01-18 00:26:13,651 WARNING Directory "/home/pi/kolchoz/savarts/dane_suhora/2017-11-16/test/output" could not be created.
2018-01-18 00:26:13,651 WARNING Directory "/home/pi/kolchoz/savarts/dane_suhora/2017-11-16/test/output" could not be created.
2018-01-18 00:26:13,651 WARNING Directory "/home/pi/kolchoz/savarts/dane_suhora/2017-11-16/test/output" could not be created.
2018-01-18 00:26:13,651 WARNING Directory "/home/pi/kolchoz/savarts/dane_suhora/2017-11-16/test/output" could not be created.
2018-01-18 00:26:14,318 INFO Images list has been created
2018-01-18 00:26:14,318 INFO Images list has been created
2018-01-18 00:26:14,318 INFO Images list has been created
2018-01-18 00:26:14,318 INFO Images list has been created
2018-01-18 00:26:14,318 INFO Images list has been created
2018-01-18 00:26:14,318 INFO Images list has been created
2018-01-18 00:26:14,318 INFO Images list has been created
2018-01-18 00:26:14,318 INFO Images list has been created
2018-01-18 00:26:14,318 INFO Images list has been created
2018-01-18 00:26:14,318 INFO Images list has been created
2018-01-18 00:26:14,319 INFO Images list length is 9
2018-01-18 00:26:14,319 INFO Images list length is 9
2018-01-18 00:26:14,319 INFO Images list length is 9
2018-01-18 00:26:14,319 INFO Images list length is 9
2018-01-18 00:26:14,319 INFO Images list length is 9
2018-01-18 00:26:14,319 INFO Images list length is 9
2018-01-18 00:26:14,319 INFO Images list length is 9
2018-01-18 00:26:14,319 INFO Images list length is 9
2018-01-18 00:26:14,319 INFO Images list length is 9
2018-01-18 00:26:14,319 INFO Images list length is 9
2018-01-18 00:26:53,032 INFO Images list has been created
2018-01-18 00:26:53,032 INFO Images list has been created
2018-01-18 00:26:53,032 INFO Images list has been created
2018-01-18 00:26:53,032 INFO Images list has been created
2018-01-18 00:26:53,032 INFO Images list has been created
2018-01-18 00:26:53,032 INFO Images list has been created
2018-01-18 00:26:53,032 INFO Images list has been created
2018-01-18 00:26:53,032 INFO Images list has been created
2018-01-18 00:26:53,032 INFO Images list has been created
2018-01-18 00:26:53,032 INFO Images list has been created
2018-01-18 00:26:53,033 INFO Images list length is 9
2018-01-18 00:26:53,033 INFO Images list length is 9
2018-01-18 00:26:53,033 INFO Images list length is 9
2018-01-18 00:26:53,033 INFO Images list length is 9
2018-01-18 00:26:53,033 INFO Images list length is 9
2018-01-18 00:26:53,033 INFO Images list length is 9
2018-01-18 00:26:53,033 INFO Images list length is 9
2018-01-18 00:26:53,033 INFO Images list length is 9
2018-01-18 00:26:53,033 INFO Images list length is 9
2018-01-18 00:26:53,033 INFO Images list length is 9
2018-01-18 00:27:23,788 INFO Images list has been created
2018-01-18 00:27:23,788 INFO Images list has been created
2018-01-18 00:27:23,788 INFO Images list has been created
2018-01-18 00:27:23,788 INFO Images list has been created
2018-01-18 00:27:23,788 INFO Images list has been created
2018-01-18 00:27:23,788 INFO Images list has been created
2018-01-18 00:27:23,788 INFO Images list has been created
2018-01-18 00:27:23,788 INFO Images list has been created
2018-01-18 00:27:23,788 INFO Images list has been created
2018-01-18 00:27:23,788 INFO Images list has been created
2018-01-18 00:27:23,788 INFO Images list has been created
2018-01-18 00:27:23,788 INFO Images list length is 9
2018-01-18 00:27:23,788 INFO Images list length is 9
2018-01-18 00:27:23,788 INFO Images list length is 9
2018-01-18 00:27:23,788 INFO Images list length is 9
2018-01-18 00:27:23,788 INFO Images list length is 9
2018-01-18 00:27:23,788 INFO Images list length is 9
2018-01-18 00:27:23,788 INFO Images list length is 9
2018-01-18 00:27:23,788 INFO Images list length is 9
2018-01-18 00:27:23,788 INFO Images list length is 9
2018-01-18 00:27:23,788 INFO Images list length is 9
2018-01-18 00:27:23,788 INFO Images list length is 9
2018-01-18 00:27:23,789 WARNING Directory "/home/pi/kolchoz/savarts/dane_suhora/2017-11-16/test/output" could not be created.
2018-01-18 00:27:23,789 WARNING Directory "/home/pi/kolchoz/savarts/dane_suhora/2017-11-16/test/output" could not be created.
2018-01-18 00:27:23,789 WARNING Directory "/home/pi/kolchoz/savarts/dane_suhora/2017-11-16/test/output" could not be created.
2018-01-18 00:27:23,789 WARNING Directory "/home/pi/kolchoz/savarts/dane_suhora/2017-11-16/test/output" could not be created.
2018-01-18 00:27:23,789 WARNING Directory "/home/pi/kolchoz/savarts/dane_suhora/2017-11-16/test/output" could not be created.
2018-01-18 00:27:23,789 WARNING Directory "/home/pi/kolchoz/savarts/dane_suhora/2017-11-16/test/output" could not be created.
2018-01-18 00:27:23,789 WARNING Directory "/home/pi/kolchoz/savarts/dane_suhora/2017-11-16/test/output" could not be created.
2018-01-18 00:27:23,789 WARNING Directory "/home/pi/kolchoz/savarts/dane_suhora/2017-11-16/test/output" could not be created.
2018-01-18 00:27:23,789 WARNING Directory "/home/pi/kolchoz/savarts/dane_suhora/2017-11-16/test/output" could not be created.
2018-01-18 00:27:23,789 WARNING Directory "/home/pi/kolchoz/savarts/dane_suhora/2017-11-16/test/output" could not be created.
2018-01-18 00:27:23,789 WARNING Directory "/home/pi/kolchoz/savarts/dane_suhora/2017-11-16/test/output" could not be created.
2018-01-18 00:27:24,059 INFO Images list has been created
2018-01-18 00:27:24,059 INFO Images list has been created
2018-01-18 00:27:24,059 INFO Images list has been created
2018-01-18 00:27:24,059 INFO Images list has been created
2018-01-18 00:27:24,059 INFO Images list has been created
2018-01-18 00:27:24,059 INFO Images list has been created
2018-01-18 00:27:24,059 INFO Images list has been created
2018-01-18 00:27:24,059 INFO Images list has been created
2018-01-18 00:27:24,059 INFO Images list has been created
2018-01-18 00:27:24,059 INFO Images list has been created
2018-01-18 00:27:24,059 INFO Images list has been created
2018-01-18 00:27:24,060 INFO Images list length is 9
2018-01-18 00:27:24,060 INFO Images list length is 9
2018-01-18 00:27:24,060 INFO Images list length is 9
2018-01-18 00:27:24,060 INFO Images list length is 9
2018-01-18 00:27:24,060 INFO Images list length is 9
2018-01-18 00:27:24,060 INFO Images list length is 9
2018-01-18 00:27:24,060 INFO Images list length is 9
2018-01-18 00:27:24,060 INFO Images list length is 9
2018-01-18 00:27:24,060 INFO Images list length is 9
2018-01-18 00:27:24,060 INFO Images list length is 9
2018-01-18 00:27:24,060 INFO Images list length is 9
2018-01-18 00:28:01,247 INFO Images list has been created
2018-01-18 00:28:01,247 INFO Images list has been created
2018-01-18 00:28:01,247 INFO Images list has been created
2018-01-18 00:28:01,247 INFO Images list has been created
2018-01-18 00:28:01,247 INFO Images list has been created
2018-01-18 00:28:01,247 INFO Images list has been created
2018-01-18 00:28:01,247 INFO Images list has been created
2018-01-18 00:28:01,247 INFO Images list has been created
2018-01-18 00:28:01,247 INFO Images list has been created
2018-01-18 00:28:01,247 INFO Images list has been created
2018-01-18 00:28:01,247 INFO Images list has been created
2018-01-18 00:28:01,247 INFO Images list has been created
2018-01-18 00:28:01,248 INFO Images list length is 9
2018-01-18 00:28:01,248 INFO Images list length is 9
2018-01-18 00:28:01,248 INFO Images list length is 9
2018-01-18 00:28:01,248 INFO Images list length is 9
2018-01-18 00:28:01,248 INFO Images list length is 9
2018-01-18 00:28:01,248 INFO Images list length is 9
2018-01-18 00:28:01,248 INFO Images list length is 9
2018-01-18 00:28:01,248 INFO Images list length is 9
2018-01-18 00:28:01,248 INFO Images list length is 9
2018-01-18 00:28:01,248 INFO Images list length is 9
2018-01-18 00:28:01,248 INFO Images list length is 9
2018-01-18 00:28:01,248 INFO Images list length is 9
2018-01-18 00:28:01,248 WARNING Directory "/home/pi/kolchoz/savarts/dane_suhora/2017-11-16/test/output" could not be created.
2018-01-18 00:28:01,248 WARNING Directory "/home/pi/kolchoz/savarts/dane_suhora/2017-11-16/test/output" could not be created.
2018-01-18 00:28:01,248 WARNING Directory "/home/pi/kolchoz/savarts/dane_suhora/2017-11-16/test/output" could not be created.
2018-01-18 00:28:01,248 WARNING Directory "/home/pi/kolchoz/savarts/dane_suhora/2017-11-16/test/output" could not be created.
2018-01-18 00:28:01,248 WARNING Directory "/home/pi/kolchoz/savarts/dane_suhora/2017-11-16/test/output" could not be created.
2018-01-18 00:28:01,248 WARNING Directory "/home/pi/kolchoz/savarts/dane_suhora/2017-11-16/test/output" could not be created.
2018-01-18 00:28:01,248 WARNING Directory "/home/pi/kolchoz/savarts/dane_suhora/2017-11-16/test/output" could not be created.
2018-01-18 00:28:01,248 WARNING Directory "/home/pi/kolchoz/savarts/dane_suhora/2017-11-16/test/output" could not be created.
2018-01-18 00:28:01,248 WARNING Directory "/home/pi/kolchoz/savarts/dane_suhora/2017-11-16/test/output" could not be created.
2018-01-18 00:28:01,248 WARNING Directory "/home/pi/kolchoz/savarts/dane_suhora/2017-11-16/test/output" could not be created.
2018-01-18 00:28:01,248 WARNING Directory "/home/pi/kolchoz/savarts/dane_suhora/2017-11-16/test/output" could not be created.
2018-01-18 00:28:01,248 WARNING Directory "/home/pi/kolchoz/savarts/dane_suhora/2017-11-16/test/output" could not be created.
2018-01-18 00:28:01,531 INFO Images list has been created
2018-01-18 00:28:01,531 INFO Images list has been created
2018-01-18 00:28:01,531 INFO Images list has been created
2018-01-18 00:28:01,531 INFO Images list has been created
2018-01-18 00:28:01,531 INFO Images list has been created
2018-01-18 00:28:01,531 INFO Images list has been created
2018-01-18 00:28:01,531 INFO Images list has been created
2018-01-18 00:28:01,531 INFO Images list has been created
2018-01-18 00:28:01,531 INFO Images list has been created
2018-01-18 00:28:01,531 INFO Images list has been created
2018-01-18 00:28:01,531 INFO Images list has been created
2018-01-18 00:28:01,531 INFO Images list has been created
2018-01-18 00:28:01,533 INFO Images list length is 9
2018-01-18 00:28:01,533 INFO Images list length is 9
2018-01-18 00:28:01,533 INFO Images list length is 9
2018-01-18 00:28:01,533 INFO Images list length is 9
2018-01-18 00:28:01,533 INFO Images list length is 9
2018-01-18 00:28:01,533 INFO Images list length is 9
2018-01-18 00:28:01,533 INFO Images list length is 9
2018-01-18 00:28:01,533 INFO Images list length is 9
2018-01-18 00:28:01,533 INFO Images list length is 9
2018-01-18 00:28:01,533 INFO Images list length is 9
2018-01-18 00:28:01,533 INFO Images list length is 9
2018-01-18 00:28:01,533 INFO Images list length is 9
2018-01-18 00:29:52,345 INFO Images list has been created
2018-01-18 00:29:52,345 INFO Images list has been created
2018-01-18 00:29:52,345 INFO Images list has been created
2018-01-18 00:29:52,345 INFO Images list has been created
2018-01-18 00:29:52,345 INFO Images list has been created
2018-01-18 00:29:52,345 INFO Images list has been created
2018-01-18 00:29:52,345 INFO Images list has been created
2018-01-18 00:29:52,345 INFO Images list has been created
2018-01-18 00:29:52,345 INFO Images list has been created
2018-01-18 00:29:52,345 INFO Images list has been created
2018-01-18 00:29:52,345 INFO Images list has been created
2018-01-18 00:29:52,345 INFO Images list has been created
2018-01-18 00:29:52,345 INFO Images list has been created
2018-01-18 00:29:52,346 INFO Images list length is 9
2018-01-18 00:29:52,346 INFO Images list length is 9
2018-01-18 00:29:52,346 INFO Images list length is 9
2018-01-18 00:29:52,346 INFO Images list length is 9
2018-01-18 00:29:52,346 INFO Images list length is 9
2018-01-18 00:29:52,346 INFO Images list length is 9
2018-01-18 00:29:52,346 INFO Images list length is 9
2018-01-18 00:29:52,346 INFO Images list length is 9
2018-01-18 00:29:52,346 INFO Images list length is 9
2018-01-18 00:29:52,346 INFO Images list length is 9
2018-01-18 00:29:52,346 INFO Images list length is 9
2018-01-18 00:29:52,346 INFO Images list length is 9
2018-01-18 00:29:52,346 INFO Images list length is 9
2018-01-18 00:29:52,347 WARNING Directory "/home/pi/kolchoz/savarts/dane_suhora/2017-11-16/test/output" could not be created.
2018-01-18 00:29:52,347 WARNING Directory "/home/pi/kolchoz/savarts/dane_suhora/2017-11-16/test/output" could not be created.
2018-01-18 00:29:52,347 WARNING Directory "/home/pi/kolchoz/savarts/dane_suhora/2017-11-16/test/output" could not be created.
2018-01-18 00:29:52,347 WARNING Directory "/home/pi/kolchoz/savarts/dane_suhora/2017-11-16/test/output" could not be created.
2018-01-18 00:29:52,347 WARNING Directory "/home/pi/kolchoz/savarts/dane_suhora/2017-11-16/test/output" could not be created.
2018-01-18 00:29:52,347 WARNING Directory "/home/pi/kolchoz/savarts/dane_suhora/2017-11-16/test/output" could not be created.
2018-01-18 00:29:52,347 WARNING Directory "/home/pi/kolchoz/savarts/dane_suhora/2017-11-16/test/output" could not be created.
2018-01-18 00:29:52,347 WARNING Directory "/home/pi/kolchoz/savarts/dane_suhora/2017-11-16/test/output" could not be created.
2018-01-18 00:29:52,347 WARNING Directory "/home/pi/kolchoz/savarts/dane_suhora/2017-11-16/test/output" could not be created.
2018-01-18 00:29:52,347 WARNING Directory "/home/pi/kolchoz/savarts/dane_suhora/2017-11-16/test/output" could not be created.
2018-01-18 00:29:52,347 WARNING Directory "/home/pi/kolchoz/savarts/dane_suhora/2017-11-16/test/output" could not be created.
2018-01-18 00:29:52,347 WARNING Directory "/home/pi/kolchoz/savarts/dane_suhora/2017-11-16/test/output" could not be created.
2018-01-18 00:29:52,347 WARNING Directory "/home/pi/kolchoz/savarts/dane_suhora/2017-11-16/test/output" could not be created.
2018-01-18 00:29:52,604 INFO Images list has been created
2018-01-18 00:29:52,604 INFO Images list has been created
2018-01-18 00:29:52,604 INFO Images list has been created
2018-01-18 00:29:52,604 INFO Images list has been created
2018-01-18 00:29:52,604 INFO Images list has been created
2018-01-18 00:29:52,604 INFO Images list has been created
2018-01-18 00:29:52,604 INFO Images list has been created
2018-01-18 00:29:52,604 INFO Images list has been created
2018-01-18 00:29:52,604 INFO Images list has been created
2018-01-18 00:29:52,604 INFO Images list has been created
2018-01-18 00:29:52,604 INFO Images list has been created
2018-01-18 00:29:52,604 INFO Images list has been created
2018-01-18 00:29:52,604 INFO Images list has been created
2018-01-18 00:29:52,606 INFO Images list length is 9
2018-01-18 00:29:52,606 INFO Images list length is 9
2018-01-18 00:29:52,606 INFO Images list length is 9
2018-01-18 00:29:52,606 INFO Images list length is 9
2018-01-18 00:29:52,606 INFO Images list length is 9
2018-01-18 00:29:52,606 INFO Images list length is 9
2018-01-18 00:29:52,606 INFO Images list length is 9
2018-01-18 00:29:52,606 INFO Images list length is 9
2018-01-18 00:29:52,606 INFO Images list length is 9
2018-01-18 00:29:52,606 INFO Images list length is 9
2018-01-18 00:29:52,606 INFO Images list length is 9
2018-01-18 00:29:52,606 INFO Images list length is 9
2018-01-18 00:29:52,606 INFO Images list length is 9
2018-01-18 00:30:50,181 INFO Images list has been created
2018-01-18 00:30:50,181 INFO Images list has been created
2018-01-18 00:30:50,181 INFO Images list has been created
2018-01-18 00:30:50,181 INFO Images list has been created
2018-01-18 00:30:50,181 INFO Images list has been created
2018-01-18 00:30:50,181 INFO Images list has been created
2018-01-18 00:30:50,181 INFO Images list has been created
2018-01-18 00:30:50,181 INFO Images list has been created
2018-01-18 00:30:50,181 INFO Images list has been created
2018-01-18 00:30:50,181 INFO Images list has been created
2018-01-18 00:30:50,181 INFO Images list has been created
2018-01-18 00:30:50,181 INFO Images list has been created
2018-01-18 00:30:50,181 INFO Images list has been created
2018-01-18 00:30:50,181 INFO Images list has been created
2018-01-18 00:30:50,181 INFO Images list length is 9
2018-01-18 00:30:50,181 INFO Images list length is 9
2018-01-18 00:30:50,181 INFO Images list length is 9
2018-01-18 00:30:50,181 INFO Images list length is 9
2018-01-18 00:30:50,181 INFO Images list length is 9
2018-01-18 00:30:50,181 INFO Images list length is 9
2018-01-18 00:30:50,181 INFO Images list length is 9
2018-01-18 00:30:50,181 INFO Images list length is 9
2018-01-18 00:30:50,181 INFO Images list length is 9
2018-01-18 00:30:50,181 INFO Images list length is 9
2018-01-18 00:30:50,181 INFO Images list length is 9
2018-01-18 00:30:50,181 INFO Images list length is 9
2018-01-18 00:30:50,181 INFO Images list length is 9
2018-01-18 00:30:50,181 INFO Images list length is 9
2018-01-18 00:30:50,182 WARNING Directory "/home/pi/kolchoz/savarts/dane_suhora/2017-11-16/test/output" could not be created.
2018-01-18 00:30:50,182 WARNING Directory "/home/pi/kolchoz/savarts/dane_suhora/2017-11-16/test/output" could not be created.
2018-01-18 00:30:50,182 WARNING Directory "/home/pi/kolchoz/savarts/dane_suhora/2017-11-16/test/output" could not be created.
2018-01-18 00:30:50,182 WARNING Directory "/home/pi/kolchoz/savarts/dane_suhora/2017-11-16/test/output" could not be created.
2018-01-18 00:30:50,182 WARNING Directory "/home/pi/kolchoz/savarts/dane_suhora/2017-11-16/test/output" could not be created.
2018-01-18 00:30:50,182 WARNING Directory "/home/pi/kolchoz/savarts/dane_suhora/2017-11-16/test/output" could not be created.
2018-01-18 00:30:50,182 WARNING Directory "/home/pi/kolchoz/savarts/dane_suhora/2017-11-16/test/output" could not be created.
2018-01-18 00:30:50,182 WARNING Directory "/home/pi/kolchoz/savarts/dane_suhora/2017-11-16/test/output" could not be created.
2018-01-18 00:30:50,182 WARNING Directory "/home/pi/kolchoz/savarts/dane_suhora/2017-11-16/test/output" could not be created.
2018-01-18 00:30:50,182 WARNING Directory "/home/pi/kolchoz/savarts/dane_suhora/2017-11-16/test/output" could not be created.
2018-01-18 00:30:50,182 WARNING Directory "/home/pi/kolchoz/savarts/dane_suhora/2017-11-16/test/output" could not be created.
2018-01-18 00:30:50,182 WARNING Directory "/home/pi/kolchoz/savarts/dane_suhora/2017-11-16/test/output" could not be created.
2018-01-18 00:30:50,182 WARNING Directory "/home/pi/kolchoz/savarts/dane_suhora/2017-11-16/test/output" could not be created.
2018-01-18 00:30:50,182 WARNING Directory "/home/pi/kolchoz/savarts/dane_suhora/2017-11-16/test/output" could not be created.
2018-01-18 00:30:50,518 INFO Images list has been created
2018-01-18 00:30:50,518 INFO Images list has been created
2018-01-18 00:30:50,518 INFO Images list has been created
2018-01-18 00:30:50,518 INFO Images list has been created
2018-01-18 00:30:50,518 INFO Images list has been created
2018-01-18 00:30:50,518 INFO Images list has been created
2018-01-18 00:30:50,518 INFO Images list has been created
2018-01-18 00:30:50,518 INFO Images list has been created
2018-01-18 00:30:50,518 INFO Images list has been created
2018-01-18 00:30:50,518 INFO Images list has been created
2018-01-18 00:30:50,518 INFO Images list has been created
2018-01-18 00:30:50,518 INFO Images list has been created
2018-01-18 00:30:50,518 INFO Images list has been created
2018-01-18 00:30:50,518 INFO Images list has been created
2018-01-18 00:30:50,519 INFO Images list length is 9
2018-01-18 00:30:50,519 INFO Images list length is 9
2018-01-18 00:30:50,519 INFO Images list length is 9
2018-01-18 00:30:50,519 INFO Images list length is 9
2018-01-18 00:30:50,519 INFO Images list length is 9
2018-01-18 00:30:50,519 INFO Images list length is 9
2018-01-18 00:30:50,519 INFO Images list length is 9
2018-01-18 00:30:50,519 INFO Images list length is 9
2018-01-18 00:30:50,519 INFO Images list length is 9
2018-01-18 00:30:50,519 INFO Images list length is 9
2018-01-18 00:30:50,519 INFO Images list length is 9
2018-01-18 00:30:50,519 INFO Images list length is 9
2018-01-18 00:30:50,519 INFO Images list length is 9
2018-01-18 00:30:50,519 INFO Images list length is 9
2018-01-18 00:31:32,150 INFO Images list has been created
2018-01-18 00:31:32,150 INFO Images list has been created
2018-01-18 00:31:32,150 INFO Images list has been created
2018-01-18 00:31:32,150 INFO Images list has been created
2018-01-18 00:31:32,150 INFO Images list has been created
2018-01-18 00:31:32,150 INFO Images list has been created
2018-01-18 00:31:32,150 INFO Images list has been created
2018-01-18 00:31:32,150 INFO Images list has been created
2018-01-18 00:31:32,150 INFO Images list has been created
2018-01-18 00:31:32,150 INFO Images list has been created
2018-01-18 00:31:32,150 INFO Images list has been created
2018-01-18 00:31:32,150 INFO Images list has been created
2018-01-18 00:31:32,150 INFO Images list has been created
2018-01-18 00:31:32,150 INFO Images list has been created
2018-01-18 00:31:32,150 INFO Images list has been created
2018-01-18 00:31:32,151 INFO Images list length is 9
2018-01-18 00:31:32,151 INFO Images list length is 9
2018-01-18 00:31:32,151 INFO Images list length is 9
2018-01-18 00:31:32,151 INFO Images list length is 9
2018-01-18 00:31:32,151 INFO Images list length is 9
2018-01-18 00:31:32,151 INFO Images list length is 9
2018-01-18 00:31:32,151 INFO Images list length is 9
2018-01-18 00:31:32,151 INFO Images list length is 9
2018-01-18 00:31:32,151 INFO Images list length is 9
2018-01-18 00:31:32,151 INFO Images list length is 9
2018-01-18 00:31:32,151 INFO Images list length is 9
2018-01-18 00:31:32,151 INFO Images list length is 9
2018-01-18 00:31:32,151 INFO Images list length is 9
2018-01-18 00:31:32,151 INFO Images list length is 9
2018-01-18 00:31:32,151 INFO Images list length is 9
2018-01-18 00:31:32,152 WARNING Directory "/home/pi/kolchoz/savarts/dane_suhora/2017-11-16/test/output" could not be created.
2018-01-18 00:31:32,152 WARNING Directory "/home/pi/kolchoz/savarts/dane_suhora/2017-11-16/test/output" could not be created.
2018-01-18 00:31:32,152 WARNING Directory "/home/pi/kolchoz/savarts/dane_suhora/2017-11-16/test/output" could not be created.
2018-01-18 00:31:32,152 WARNING Directory "/home/pi/kolchoz/savarts/dane_suhora/2017-11-16/test/output" could not be created.
2018-01-18 00:31:32,152 WARNING Directory "/home/pi/kolchoz/savarts/dane_suhora/2017-11-16/test/output" could not be created.
2018-01-18 00:31:32,152 WARNING Directory "/home/pi/kolchoz/savarts/dane_suhora/2017-11-16/test/output" could not be created.
2018-01-18 00:31:32,152 WARNING Directory "/home/pi/kolchoz/savarts/dane_suhora/2017-11-16/test/output" could not be created.
2018-01-18 00:31:32,152 WARNING Directory "/home/pi/kolchoz/savarts/dane_suhora/2017-11-16/test/output" could not be created.
2018-01-18 00:31:32,152 WARNING Directory "/home/pi/kolchoz/savarts/dane_suhora/2017-11-16/test/output" could not be created.
2018-01-18 00:31:32,152 WARNING Directory "/home/pi/kolchoz/savarts/dane_suhora/2017-11-16/test/output" could not be created.
2018-01-18 00:31:32,152 WARNING Directory "/home/pi/kolchoz/savarts/dane_suhora/2017-11-16/test/output" could not be created.
2018-01-18 00:31:32,152 WARNING Directory "/home/pi/kolchoz/savarts/dane_suhora/2017-11-16/test/output" could not be created.
2018-01-18 00:31:32,152 WARNING Directory "/home/pi/kolchoz/savarts/dane_suhora/2017-11-16/test/output" could not be created.
2018-01-18 00:31:32,152 WARNING Directory "/home/pi/kolchoz/savarts/dane_suhora/2017-11-16/test/output" could not be created.
2018-01-18 00:31:32,152 WARNING Directory "/home/pi/kolchoz/savarts/dane_suhora/2017-11-16/test/output" could not be created.
2018-01-18 00:31:32,438 INFO Images list has been created
2018-01-18 00:31:32,438 INFO Images list has been created
2018-01-18 00:31:32,438 INFO Images list has been created
2018-01-18 00:31:32,438 INFO Images list has been created
2018-01-18 00:31:32,438 INFO Images list has been created
2018-01-18 00:31:32,438 INFO Images list has been created
2018-01-18 00:31:32,438 INFO Images list has been created
2018-01-18 00:31:32,438 INFO Images list has been created
2018-01-18 00:31:32,438 INFO Images list has been created
2018-01-18 00:31:32,438 INFO Images list has been created
2018-01-18 00:31:32,438 INFO Images list has been created
2018-01-18 00:31:32,438 INFO Images list has been created
2018-01-18 00:31:32,438 INFO Images list has been created
2018-01-18 00:31:32,438 INFO Images list has been created
2018-01-18 00:31:32,438 INFO Images list has been created
2018-01-18 00:31:32,439 INFO Images list length is 9
2018-01-18 00:31:32,439 INFO Images list length is 9
2018-01-18 00:31:32,439 INFO Images list length is 9
2018-01-18 00:31:32,439 INFO Images list length is 9
2018-01-18 00:31:32,439 INFO Images list length is 9
2018-01-18 00:31:32,439 INFO Images list length is 9
2018-01-18 00:31:32,439 INFO Images list length is 9
2018-01-18 00:31:32,439 INFO Images list length is 9
2018-01-18 00:31:32,439 INFO Images list length is 9
2018-01-18 00:31:32,439 INFO Images list length is 9
2018-01-18 00:31:32,439 INFO Images list length is 9
2018-01-18 00:31:32,439 INFO Images list length is 9
2018-01-18 00:31:32,439 INFO Images list length is 9
2018-01-18 00:31:32,439 INFO Images list length is 9
2018-01-18 00:31:32,439 INFO Images list length is 9
2018-01-18 00:31:58,712 INFO Images list has been created
2018-01-18 00:31:58,712 INFO Images list has been created
2018-01-18 00:31:58,712 INFO Images list has been created
2018-01-18 00:31:58,712 INFO Images list has been created
2018-01-18 00:31:58,712 INFO Images list has been created
2018-01-18 00:31:58,712 INFO Images list has been created
2018-01-18 00:31:58,712 INFO Images list has been created
2018-01-18 00:31:58,712 INFO Images list has been created
2018-01-18 00:31:58,712 INFO Images list has been created
2018-01-18 00:31:58,712 INFO Images list has been created
2018-01-18 00:31:58,712 INFO Images list has been created
2018-01-18 00:31:58,712 INFO Images list has been created
2018-01-18 00:31:58,712 INFO Images list has been created
2018-01-18 00:31:58,712 INFO Images list has been created
2018-01-18 00:31:58,712 INFO Images list has been created
2018-01-18 00:31:58,712 INFO Images list has been created
2018-01-18 00:31:58,713 INFO Images list length is 9
2018-01-18 00:31:58,713 INFO Images list length is 9
2018-01-18 00:31:58,713 INFO Images list length is 9
2018-01-18 00:31:58,713 INFO Images list length is 9
2018-01-18 00:31:58,713 INFO Images list length is 9
2018-01-18 00:31:58,713 INFO Images list length is 9
2018-01-18 00:31:58,713 INFO Images list length is 9
2018-01-18 00:31:58,713 INFO Images list length is 9
2018-01-18 00:31:58,713 INFO Images list length is 9
2018-01-18 00:31:58,713 INFO Images list length is 9
2018-01-18 00:31:58,713 INFO Images list length is 9
2018-01-18 00:31:58,713 INFO Images list length is 9
2018-01-18 00:31:58,713 INFO Images list length is 9
2018-01-18 00:31:58,713 INFO Images list length is 9
2018-01-18 00:31:58,713 INFO Images list length is 9
2018-01-18 00:31:58,713 INFO Images list length is 9
2018-01-18 00:31:58,713 WARNING Directory "/home/pi/kolchoz/savarts/dane_suhora/2017-11-16/test/output" could not be created.
2018-01-18 00:31:58,713 WARNING Directory "/home/pi/kolchoz/savarts/dane_suhora/2017-11-16/test/output" could not be created.
2018-01-18 00:31:58,713 WARNING Directory "/home/pi/kolchoz/savarts/dane_suhora/2017-11-16/test/output" could not be created.
2018-01-18 00:31:58,713 WARNING Directory "/home/pi/kolchoz/savarts/dane_suhora/2017-11-16/test/output" could not be created.
2018-01-18 00:31:58,713 WARNING Directory "/home/pi/kolchoz/savarts/dane_suhora/2017-11-16/test/output" could not be created.
2018-01-18 00:31:58,713 WARNING Directory "/home/pi/kolchoz/savarts/dane_suhora/2017-11-16/test/output" could not be created.
2018-01-18 00:31:58,713 WARNING Directory "/home/pi/kolchoz/savarts/dane_suhora/2017-11-16/test/output" could not be created.
2018-01-18 00:31:58,713 WARNING Directory "/home/pi/kolchoz/savarts/dane_suhora/2017-11-16/test/output" could not be created.
2018-01-18 00:31:58,713 WARNING Directory "/home/pi/kolchoz/savarts/dane_suhora/2017-11-16/test/output" could not be created.
2018-01-18 00:31:58,713 WARNING Directory "/home/pi/kolchoz/savarts/dane_suhora/2017-11-16/test/output" could not be created.
2018-01-18 00:31:58,713 WARNING Directory "/home/pi/kolchoz/savarts/dane_suhora/2017-11-16/test/output" could not be created.
2018-01-18 00:31:58,713 WARNING Directory "/home/pi/kolchoz/savarts/dane_suhora/2017-11-16/test/output" could not be created.
2018-01-18 00:31:58,713 WARNING Directory "/home/pi/kolchoz/savarts/dane_suhora/2017-11-16/test/output" could not be created.
2018-01-18 00:31:58,713 WARNING Directory "/home/pi/kolchoz/savarts/dane_suhora/2017-11-16/test/output" could not be created.
2018-01-18 00:31:58,713 WARNING Directory "/home/pi/kolchoz/savarts/dane_suhora/2017-11-16/test/output" could not be created.
2018-01-18 00:31:58,713 WARNING Directory "/home/pi/kolchoz/savarts/dane_suhora/2017-11-16/test/output" could not be created.
2018-01-18 00:31:58,983 INFO Images list has been created
2018-01-18 00:31:58,983 INFO Images list has been created
2018-01-18 00:31:58,983 INFO Images list has been created
2018-01-18 00:31:58,983 INFO Images list has been created
2018-01-18 00:31:58,983 INFO Images list has been created
2018-01-18 00:31:58,983 INFO Images list has been created
2018-01-18 00:31:58,983 INFO Images list has been created
2018-01-18 00:31:58,983 INFO Images list has been created
2018-01-18 00:31:58,983 INFO Images list has been created
2018-01-18 00:31:58,983 INFO Images list has been created
2018-01-18 00:31:58,983 INFO Images list has been created
2018-01-18 00:31:58,983 INFO Images list has been created
2018-01-18 00:31:58,983 INFO Images list has been created
2018-01-18 00:31:58,983 INFO Images list has been created
2018-01-18 00:31:58,983 INFO Images list has been created
2018-01-18 00:31:58,983 INFO Images list has been created
2018-01-18 00:31:58,984 INFO Images list length is 9
2018-01-18 00:31:58,984 INFO Images list length is 9
2018-01-18 00:31:58,984 INFO Images list length is 9
2018-01-18 00:31:58,984 INFO Images list length is 9
2018-01-18 00:31:58,984 INFO Images list length is 9
2018-01-18 00:31:58,984 INFO Images list length is 9
2018-01-18 00:31:58,984 INFO Images list length is 9
2018-01-18 00:31:58,984 INFO Images list length is 9
2018-01-18 00:31:58,984 INFO Images list length is 9
2018-01-18 00:31:58,984 INFO Images list length is 9
2018-01-18 00:31:58,984 INFO Images list length is 9
2018-01-18 00:31:58,984 INFO Images list length is 9
2018-01-18 00:31:58,984 INFO Images list length is 9
2018-01-18 00:31:58,984 INFO Images list length is 9
2018-01-18 00:31:58,984 INFO Images list length is 9
2018-01-18 00:31:58,984 INFO Images list length is 9
2018-01-18 00:32:15,559 INFO Images list has been created
2018-01-18 00:32:15,559 INFO Images list has been created
2018-01-18 00:32:15,559 INFO Images list has been created
2018-01-18 00:32:15,559 INFO Images list has been created
2018-01-18 00:32:15,559 INFO Images list has been created
2018-01-18 00:32:15,559 INFO Images list has been created
2018-01-18 00:32:15,559 INFO Images list has been created
2018-01-18 00:32:15,559 INFO Images list has been created
2018-01-18 00:32:15,559 INFO Images list has been created
2018-01-18 00:32:15,559 INFO Images list has been created
2018-01-18 00:32:15,559 INFO Images list has been created
2018-01-18 00:32:15,559 INFO Images list has been created
2018-01-18 00:32:15,559 INFO Images list has been created
2018-01-18 00:32:15,559 INFO Images list has been created
2018-01-18 00:32:15,559 INFO Images list has been created
2018-01-18 00:32:15,559 INFO Images list has been created
2018-01-18 00:32:15,559 INFO Images list has been created
2018-01-18 00:32:15,562 INFO Images list length is 9
2018-01-18 00:32:15,562 INFO Images list length is 9
2018-01-18 00:32:15,562 INFO Images list length is 9
2018-01-18 00:32:15,562 INFO Images list length is 9
2018-01-18 00:32:15,562 INFO Images list length is 9
2018-01-18 00:32:15,562 INFO Images list length is 9
2018-01-18 00:32:15,562 INFO Images list length is 9
2018-01-18 00:32:15,562 INFO Images list length is 9
2018-01-18 00:32:15,562 INFO Images list length is 9
2018-01-18 00:32:15,562 INFO Images list length is 9
2018-01-18 00:32:15,562 INFO Images list length is 9
2018-01-18 00:32:15,562 INFO Images list length is 9
2018-01-18 00:32:15,562 INFO Images list length is 9
2018-01-18 00:32:15,562 INFO Images list length is 9
2018-01-18 00:32:15,562 INFO Images list length is 9
2018-01-18 00:32:15,562 INFO Images list length is 9
2018-01-18 00:32:15,562 INFO Images list length is 9
2018-01-18 00:32:15,563 WARNING Directory "/home/pi/kolchoz/savarts/dane_suhora/2017-11-16/test/output" could not be created.
2018-01-18 00:32:15,563 WARNING Directory "/home/pi/kolchoz/savarts/dane_suhora/2017-11-16/test/output" could not be created.
2018-01-18 00:32:15,563 WARNING Directory "/home/pi/kolchoz/savarts/dane_suhora/2017-11-16/test/output" could not be created.
2018-01-18 00:32:15,563 WARNING Directory "/home/pi/kolchoz/savarts/dane_suhora/2017-11-16/test/output" could not be created.
2018-01-18 00:32:15,563 WARNING Directory "/home/pi/kolchoz/savarts/dane_suhora/2017-11-16/test/output" could not be created.
2018-01-18 00:32:15,563 WARNING Directory "/home/pi/kolchoz/savarts/dane_suhora/2017-11-16/test/output" could not be created.
2018-01-18 00:32:15,563 WARNING Directory "/home/pi/kolchoz/savarts/dane_suhora/2017-11-16/test/output" could not be created.
2018-01-18 00:32:15,563 WARNING Directory "/home/pi/kolchoz/savarts/dane_suhora/2017-11-16/test/output" could not be created.
2018-01-18 00:32:15,563 WARNING Directory "/home/pi/kolchoz/savarts/dane_suhora/2017-11-16/test/output" could not be created.
2018-01-18 00:32:15,563 WARNING Directory "/home/pi/kolchoz/savarts/dane_suhora/2017-11-16/test/output" could not be created.
2018-01-18 00:32:15,563 WARNING Directory "/home/pi/kolchoz/savarts/dane_suhora/2017-11-16/test/output" could not be created.
2018-01-18 00:32:15,563 WARNING Directory "/home/pi/kolchoz/savarts/dane_suhora/2017-11-16/test/output" could not be created.
2018-01-18 00:32:15,563 WARNING Directory "/home/pi/kolchoz/savarts/dane_suhora/2017-11-16/test/output" could not be created.
2018-01-18 00:32:15,563 WARNING Directory "/home/pi/kolchoz/savarts/dane_suhora/2017-11-16/test/output" could not be created.
2018-01-18 00:32:15,563 WARNING Directory "/home/pi/kolchoz/savarts/dane_suhora/2017-11-16/test/output" could not be created.
2018-01-18 00:32:15,563 WARNING Directory "/home/pi/kolchoz/savarts/dane_suhora/2017-11-16/test/output" could not be created.
2018-01-18 00:32:15,563 WARNING Directory "/home/pi/kolchoz/savarts/dane_suhora/2017-11-16/test/output" could not be created.
2018-01-18 00:32:15,784 INFO Images list has been created
2018-01-18 00:32:15,784 INFO Images list has been created
2018-01-18 00:32:15,784 INFO Images list has been created
2018-01-18 00:32:15,784 INFO Images list has been created
2018-01-18 00:32:15,784 INFO Images list has been created
2018-01-18 00:32:15,784 INFO Images list has been created
2018-01-18 00:32:15,784 INFO Images list has been created
2018-01-18 00:32:15,784 INFO Images list has been created
2018-01-18 00:32:15,784 INFO Images list has been created
2018-01-18 00:32:15,784 INFO Images list has been created
2018-01-18 00:32:15,784 INFO Images list has been created
2018-01-18 00:32:15,784 INFO Images list has been created
2018-01-18 00:32:15,784 INFO Images list has been created
2018-01-18 00:32:15,784 INFO Images list has been created
2018-01-18 00:32:15,784 INFO Images list has been created
2018-01-18 00:32:15,784 INFO Images list has been created
2018-01-18 00:32:15,784 INFO Images list has been created
2018-01-18 00:32:15,785 INFO Images list length is 9
2018-01-18 00:32:15,785 INFO Images list length is 9
2018-01-18 00:32:15,785 INFO Images list length is 9
2018-01-18 00:32:15,785 INFO Images list length is 9
2018-01-18 00:32:15,785 INFO Images list length is 9
2018-01-18 00:32:15,785 INFO Images list length is 9
2018-01-18 00:32:15,785 INFO Images list length is 9
2018-01-18 00:32:15,785 INFO Images list length is 9
2018-01-18 00:32:15,785 INFO Images list length is 9
2018-01-18 00:32:15,785 INFO Images list length is 9
2018-01-18 00:32:15,785 INFO Images list length is 9
2018-01-18 00:32:15,785 INFO Images list length is 9
2018-01-18 00:32:15,785 INFO Images list length is 9
2018-01-18 00:32:15,785 INFO Images list length is 9
2018-01-18 00:32:15,785 INFO Images list length is 9
2018-01-18 00:32:15,785 INFO Images list length is 9
2018-01-18 00:32:15,785 INFO Images list length is 9
2018-01-18 00:33:22,958 INFO Images list has been created
2018-01-18 00:33:22,958 INFO Images list has been created
2018-01-18 00:33:22,958 INFO Images list has been created
2018-01-18 00:33:22,958 INFO Images list has been created
2018-01-18 00:33:22,958 INFO Images list has been created
2018-01-18 00:33:22,958 INFO Images list has been created
2018-01-18 00:33:22,958 INFO Images list has been created
2018-01-18 00:33:22,958 INFO Images list has been created
2018-01-18 00:33:22,958 INFO Images list has been created
2018-01-18 00:33:22,958 INFO Images list has been created
2018-01-18 00:33:22,958 INFO Images list has been created
2018-01-18 00:33:22,958 INFO Images list has been created
2018-01-18 00:33:22,958 INFO Images list has been created
2018-01-18 00:33:22,958 INFO Images list has been created
2018-01-18 00:33:22,958 INFO Images list has been created
2018-01-18 00:33:22,958 INFO Images list has been created
2018-01-18 00:33:22,958 INFO Images list has been created
2018-01-18 00:33:22,958 INFO Images list has been created
2018-01-18 00:33:22,958 INFO Images list length is 9
2018-01-18 00:33:22,958 INFO Images list length is 9
2018-01-18 00:33:22,958 INFO Images list length is 9
2018-01-18 00:33:22,958 INFO Images list length is 9
2018-01-18 00:33:22,958 INFO Images list length is 9
2018-01-18 00:33:22,958 INFO Images list length is 9
2018-01-18 00:33:22,958 INFO Images list length is 9
2018-01-18 00:33:22,958 INFO Images list length is 9
2018-01-18 00:33:22,958 INFO Images list length is 9
2018-01-18 00:33:22,958 INFO Images list length is 9
2018-01-18 00:33:22,958 INFO Images list length is 9
2018-01-18 00:33:22,958 INFO Images list length is 9
2018-01-18 00:33:22,958 INFO Images list length is 9
2018-01-18 00:33:22,958 INFO Images list length is 9
2018-01-18 00:33:22,958 INFO Images list length is 9
2018-01-18 00:33:22,958 INFO Images list length is 9
2018-01-18 00:33:22,958 INFO Images list length is 9
2018-01-18 00:33:22,958 INFO Images list length is 9
2018-01-18 00:33:22,959 WARNING Directory "/home/pi/kolchoz/savarts/dane_suhora/2017-11-16/test/output" could not be created.
2018-01-18 00:33:22,959 WARNING Directory "/home/pi/kolchoz/savarts/dane_suhora/2017-11-16/test/output" could not be created.
2018-01-18 00:33:22,959 WARNING Directory "/home/pi/kolchoz/savarts/dane_suhora/2017-11-16/test/output" could not be created.
2018-01-18 00:33:22,959 WARNING Directory "/home/pi/kolchoz/savarts/dane_suhora/2017-11-16/test/output" could not be created.
2018-01-18 00:33:22,959 WARNING Directory "/home/pi/kolchoz/savarts/dane_suhora/2017-11-16/test/output" could not be created.
2018-01-18 00:33:22,959 WARNING Directory "/home/pi/kolchoz/savarts/dane_suhora/2017-11-16/test/output" could not be created.
2018-01-18 00:33:22,959 WARNING Directory "/home/pi/kolchoz/savarts/dane_suhora/2017-11-16/test/output" could not be created.
2018-01-18 00:33:22,959 WARNING Directory "/home/pi/kolchoz/savarts/dane_suhora/2017-11-16/test/output" could not be created.
2018-01-18 00:33:22,959 WARNING Directory "/home/pi/kolchoz/savarts/dane_suhora/2017-11-16/test/output" could not be created.
2018-01-18 00:33:22,959 WARNING Directory "/home/pi/kolchoz/savarts/dane_suhora/2017-11-16/test/output" could not be created.
2018-01-18 00:33:22,959 WARNING Directory "/home/pi/kolchoz/savarts/dane_suhora/2017-11-16/test/output" could not be created.
2018-01-18 00:33:22,959 WARNING Directory "/home/pi/kolchoz/savarts/dane_suhora/2017-11-16/test/output" could not be created.
2018-01-18 00:33:22,959 WARNING Directory "/home/pi/kolchoz/savarts/dane_suhora/2017-11-16/test/output" could not be created.
2018-01-18 00:33:22,959 WARNING Directory "/home/pi/kolchoz/savarts/dane_suhora/2017-11-16/test/output" could not be created.
2018-01-18 00:33:22,959 WARNING Directory "/home/pi/kolchoz/savarts/dane_suhora/2017-11-16/test/output" could not be created.
2018-01-18 00:33:22,959 WARNING Directory "/home/pi/kolchoz/savarts/dane_suhora/2017-11-16/test/output" could not be created.
2018-01-18 00:33:22,959 WARNING Directory "/home/pi/kolchoz/savarts/dane_suhora/2017-11-16/test/output" could not be created.
2018-01-18 00:33:22,959 WARNING Directory "/home/pi/kolchoz/savarts/dane_suhora/2017-11-16/test/output" could not be created.
2018-01-18 00:33:23,204 INFO Images list has been created
2018-01-18 00:33:23,204 INFO Images list has been created
2018-01-18 00:33:23,204 INFO Images list has been created
2018-01-18 00:33:23,204 INFO Images list has been created
2018-01-18 00:33:23,204 INFO Images list has been created
2018-01-18 00:33:23,204 INFO Images list has been created
2018-01-18 00:33:23,204 INFO Images list has been created
2018-01-18 00:33:23,204 INFO Images list has been created
2018-01-18 00:33:23,204 INFO Images list has been created
2018-01-18 00:33:23,204 INFO Images list has been created
2018-01-18 00:33:23,204 INFO Images list has been created
2018-01-18 00:33:23,204 INFO Images list has been created
2018-01-18 00:33:23,204 INFO Images list has been created
2018-01-18 00:33:23,204 INFO Images list has been created
2018-01-18 00:33:23,204 INFO Images list has been created
2018-01-18 00:33:23,204 INFO Images list has been created
2018-01-18 00:33:23,204 INFO Images list has been created
2018-01-18 00:33:23,204 INFO Images list has been created
2018-01-18 00:33:23,204 INFO Images list length is 9
2018-01-18 00:33:23,204 INFO Images list length is 9
2018-01-18 00:33:23,204 INFO Images list length is 9
2018-01-18 00:33:23,204 INFO Images list length is 9
2018-01-18 00:33:23,204 INFO Images list length is 9
2018-01-18 00:33:23,204 INFO Images list length is 9
2018-01-18 00:33:23,204 INFO Images list length is 9
2018-01-18 00:33:23,204 INFO Images list length is 9
2018-01-18 00:33:23,204 INFO Images list length is 9
2018-01-18 00:33:23,204 INFO Images list length is 9
2018-01-18 00:33:23,204 INFO Images list length is 9
2018-01-18 00:33:23,204 INFO Images list length is 9
2018-01-18 00:33:23,204 INFO Images list length is 9
2018-01-18 00:33:23,204 INFO Images list length is 9
2018-01-18 00:33:23,204 INFO Images list length is 9
2018-01-18 00:33:23,204 INFO Images list length is 9
2018-01-18 00:33:23,204 INFO Images list length is 9
2018-01-18 00:33:23,204 INFO Images list length is 9
2018-01-18 00:33:34,166 INFO Images list has been created
2018-01-18 00:33:34,166 INFO Images list has been created
2018-01-18 00:33:34,166 INFO Images list has been created
2018-01-18 00:33:34,166 INFO Images list has been created
2018-01-18 00:33:34,166 INFO Images list has been created
2018-01-18 00:33:34,166 INFO Images list has been created
2018-01-18 00:33:34,166 INFO Images list has been created
2018-01-18 00:33:34,166 INFO Images list has been created
2018-01-18 00:33:34,166 INFO Images list has been created
2018-01-18 00:33:34,166 INFO Images list has been created
2018-01-18 00:33:34,166 INFO Images list has been created
2018-01-18 00:33:34,166 INFO Images list has been created
2018-01-18 00:33:34,166 INFO Images list has been created
2018-01-18 00:33:34,166 INFO Images list has been created
2018-01-18 00:33:34,166 INFO Images list has been created
2018-01-18 00:33:34,166 INFO Images list has been created
2018-01-18 00:33:34,166 INFO Images list has been created
2018-01-18 00:33:34,166 INFO Images list has been created
2018-01-18 00:33:34,166 INFO Images list has been created
2018-01-18 00:33:34,167 INFO Images list length is 9
2018-01-18 00:33:34,167 INFO Images list length is 9
2018-01-18 00:33:34,167 INFO Images list length is 9
2018-01-18 00:33:34,167 INFO Images list length is 9
2018-01-18 00:33:34,167 INFO Images list length is 9
2018-01-18 00:33:34,167 INFO Images list length is 9
2018-01-18 00:33:34,167 INFO Images list length is 9
2018-01-18 00:33:34,167 INFO Images list length is 9
2018-01-18 00:33:34,167 INFO Images list length is 9
2018-01-18 00:33:34,167 INFO Images list length is 9
2018-01-18 00:33:34,167 INFO Images list length is 9
2018-01-18 00:33:34,167 INFO Images list length is 9
2018-01-18 00:33:34,167 INFO Images list length is 9
2018-01-18 00:33:34,167 INFO Images list length is 9
2018-01-18 00:33:34,167 INFO Images list length is 9
2018-01-18 00:33:34,167 INFO Images list length is 9
2018-01-18 00:33:34,167 INFO Images list length is 9
2018-01-18 00:33:34,167 INFO Images list length is 9
2018-01-18 00:33:34,167 INFO Images list length is 9
2018-01-18 00:33:34,168 WARNING Directory "/home/pi/kolchoz/savarts/dane_suhora/2017-11-16/test/output" could not be created.
2018-01-18 00:33:34,168 WARNING Directory "/home/pi/kolchoz/savarts/dane_suhora/2017-11-16/test/output" could not be created.
2018-01-18 00:33:34,168 WARNING Directory "/home/pi/kolchoz/savarts/dane_suhora/2017-11-16/test/output" could not be created.
2018-01-18 00:33:34,168 WARNING Directory "/home/pi/kolchoz/savarts/dane_suhora/2017-11-16/test/output" could not be created.
2018-01-18 00:33:34,168 WARNING Directory "/home/pi/kolchoz/savarts/dane_suhora/2017-11-16/test/output" could not be created.
2018-01-18 00:33:34,168 WARNING Directory "/home/pi/kolchoz/savarts/dane_suhora/2017-11-16/test/output" could not be created.
2018-01-18 00:33:34,168 WARNING Directory "/home/pi/kolchoz/savarts/dane_suhora/2017-11-16/test/output" could not be created.
2018-01-18 00:33:34,168 WARNING Directory "/home/pi/kolchoz/savarts/dane_suhora/2017-11-16/test/output" could not be created.
2018-01-18 00:33:34,168 WARNING Directory "/home/pi/kolchoz/savarts/dane_suhora/2017-11-16/test/output" could not be created.
2018-01-18 00:33:34,168 WARNING Directory "/home/pi/kolchoz/savarts/dane_suhora/2017-11-16/test/output" could not be created.
2018-01-18 00:33:34,168 WARNING Directory "/home/pi/kolchoz/savarts/dane_suhora/2017-11-16/test/output" could not be created.
2018-01-18 00:33:34,168 WARNING Directory "/home/pi/kolchoz/savarts/dane_suhora/2017-11-16/test/output" could not be created.
2018-01-18 00:33:34,168 WARNING Directory "/home/pi/kolchoz/savarts/dane_suhora/2017-11-16/test/output" could not be created.
2018-01-18 00:33:34,168 WARNING Directory "/home/pi/kolchoz/savarts/dane_suhora/2017-11-16/test/output" could not be created.
2018-01-18 00:33:34,168 WARNING Directory "/home/pi/kolchoz/savarts/dane_suhora/2017-11-16/test/output" could not be created.
2018-01-18 00:33:34,168 WARNING Directory "/home/pi/kolchoz/savarts/dane_suhora/2017-11-16/test/output" could not be created.
2018-01-18 00:33:34,168 WARNING Directory "/home/pi/kolchoz/savarts/dane_suhora/2017-11-16/test/output" could not be created.
2018-01-18 00:33:34,168 WARNING Directory "/home/pi/kolchoz/savarts/dane_suhora/2017-11-16/test/output" could not be created.
2018-01-18 00:33:34,168 WARNING Directory "/home/pi/kolchoz/savarts/dane_suhora/2017-11-16/test/output" could not be created.
2018-01-18 00:33:34,440 INFO Images list has been created
2018-01-18 00:33:34,440 INFO Images list has been created
2018-01-18 00:33:34,440 INFO Images list has been created
2018-01-18 00:33:34,440 INFO Images list has been created
2018-01-18 00:33:34,440 INFO Images list has been created
2018-01-18 00:33:34,440 INFO Images list has been created
2018-01-18 00:33:34,440 INFO Images list has been created
2018-01-18 00:33:34,440 INFO Images list has been created
2018-01-18 00:33:34,440 INFO Images list has been created
2018-01-18 00:33:34,440 INFO Images list has been created
2018-01-18 00:33:34,440 INFO Images list has been created
2018-01-18 00:33:34,440 INFO Images list has been created
2018-01-18 00:33:34,440 INFO Images list has been created
2018-01-18 00:33:34,440 INFO Images list has been created
2018-01-18 00:33:34,440 INFO Images list has been created
2018-01-18 00:33:34,440 INFO Images list has been created
2018-01-18 00:33:34,440 INFO Images list has been created
2018-01-18 00:33:34,440 INFO Images list has been created
2018-01-18 00:33:34,440 INFO Images list has been created
2018-01-18 00:33:34,441 INFO Images list length is 9
2018-01-18 00:33:34,441 INFO Images list length is 9
2018-01-18 00:33:34,441 INFO Images list length is 9
2018-01-18 00:33:34,441 INFO Images list length is 9
2018-01-18 00:33:34,441 INFO Images list length is 9
2018-01-18 00:33:34,441 INFO Images list length is 9
2018-01-18 00:33:34,441 INFO Images list length is 9
2018-01-18 00:33:34,441 INFO Images list length is 9
2018-01-18 00:33:34,441 INFO Images list length is 9
2018-01-18 00:33:34,441 INFO Images list length is 9
2018-01-18 00:33:34,441 INFO Images list length is 9
2018-01-18 00:33:34,441 INFO Images list length is 9
2018-01-18 00:33:34,441 INFO Images list length is 9
2018-01-18 00:33:34,441 INFO Images list length is 9
2018-01-18 00:33:34,441 INFO Images list length is 9
2018-01-18 00:33:34,441 INFO Images list length is 9
2018-01-18 00:33:34,441 INFO Images list length is 9
2018-01-18 00:33:34,441 INFO Images list length is 9
2018-01-18 00:33:34,441 INFO Images list length is 9
2018-01-18 00:34:09,462 INFO Images list has been created
2018-01-18 00:34:09,462 INFO Images list has been created
2018-01-18 00:34:09,462 INFO Images list has been created
2018-01-18 00:34:09,462 INFO Images list has been created
2018-01-18 00:34:09,462 INFO Images list has been created
2018-01-18 00:34:09,462 INFO Images list has been created
2018-01-18 00:34:09,462 INFO Images list has been created
2018-01-18 00:34:09,462 INFO Images list has been created
2018-01-18 00:34:09,462 INFO Images list has been created
2018-01-18 00:34:09,462 INFO Images list has been created
2018-01-18 00:34:09,462 INFO Images list has been created
2018-01-18 00:34:09,462 INFO Images list has been created
2018-01-18 00:34:09,462 INFO Images list has been created
2018-01-18 00:34:09,462 INFO Images list has been created
2018-01-18 00:34:09,462 INFO Images list has been created
2018-01-18 00:34:09,462 INFO Images list has been created
2018-01-18 00:34:09,462 INFO Images list has been created
2018-01-18 00:34:09,462 INFO Images list has been created
2018-01-18 00:34:09,462 INFO Images list has been created
2018-01-18 00:34:09,462 INFO Images list has been created
2018-01-18 00:34:09,463 INFO Images list length is 9
2018-01-18 00:34:09,463 INFO Images list length is 9
2018-01-18 00:34:09,463 INFO Images list length is 9
2018-01-18 00:34:09,463 INFO Images list length is 9
2018-01-18 00:34:09,463 INFO Images list length is 9
2018-01-18 00:34:09,463 INFO Images list length is 9
2018-01-18 00:34:09,463 INFO Images list length is 9
2018-01-18 00:34:09,463 INFO Images list length is 9
2018-01-18 00:34:09,463 INFO Images list length is 9
2018-01-18 00:34:09,463 INFO Images list length is 9
2018-01-18 00:34:09,463 INFO Images list length is 9
2018-01-18 00:34:09,463 INFO Images list length is 9
2018-01-18 00:34:09,463 INFO Images list length is 9
2018-01-18 00:34:09,463 INFO Images list length is 9
2018-01-18 00:34:09,463 INFO Images list length is 9
2018-01-18 00:34:09,463 INFO Images list length is 9
2018-01-18 00:34:09,463 INFO Images list length is 9
2018-01-18 00:34:09,463 INFO Images list length is 9
2018-01-18 00:34:09,463 INFO Images list length is 9
2018-01-18 00:34:09,463 INFO Images list length is 9
2018-01-18 00:34:09,463 WARNING Directory "/home/pi/kolchoz/savarts/dane_suhora/2017-11-16/test/output" could not be created.
2018-01-18 00:34:09,463 WARNING Directory "/home/pi/kolchoz/savarts/dane_suhora/2017-11-16/test/output" could not be created.
2018-01-18 00:34:09,463 WARNING Directory "/home/pi/kolchoz/savarts/dane_suhora/2017-11-16/test/output" could not be created.
2018-01-18 00:34:09,463 WARNING Directory "/home/pi/kolchoz/savarts/dane_suhora/2017-11-16/test/output" could not be created.
2018-01-18 00:34:09,463 WARNING Directory "/home/pi/kolchoz/savarts/dane_suhora/2017-11-16/test/output" could not be created.
2018-01-18 00:34:09,463 WARNING Directory "/home/pi/kolchoz/savarts/dane_suhora/2017-11-16/test/output" could not be created.
2018-01-18 00:34:09,463 WARNING Directory "/home/pi/kolchoz/savarts/dane_suhora/2017-11-16/test/output" could not be created.
2018-01-18 00:34:09,463 WARNING Directory "/home/pi/kolchoz/savarts/dane_suhora/2017-11-16/test/output" could not be created.
2018-01-18 00:34:09,463 WARNING Directory "/home/pi/kolchoz/savarts/dane_suhora/2017-11-16/test/output" could not be created.
2018-01-18 00:34:09,463 WARNING Directory "/home/pi/kolchoz/savarts/dane_suhora/2017-11-16/test/output" could not be created.
2018-01-18 00:34:09,463 WARNING Directory "/home/pi/kolchoz/savarts/dane_suhora/2017-11-16/test/output" could not be created.
2018-01-18 00:34:09,463 WARNING Directory "/home/pi/kolchoz/savarts/dane_suhora/2017-11-16/test/output" could not be created.
2018-01-18 00:34:09,463 WARNING Directory "/home/pi/kolchoz/savarts/dane_suhora/2017-11-16/test/output" could not be created.
2018-01-18 00:34:09,463 WARNING Directory "/home/pi/kolchoz/savarts/dane_suhora/2017-11-16/test/output" could not be created.
2018-01-18 00:34:09,463 WARNING Directory "/home/pi/kolchoz/savarts/dane_suhora/2017-11-16/test/output" could not be created.
2018-01-18 00:34:09,463 WARNING Directory "/home/pi/kolchoz/savarts/dane_suhora/2017-11-16/test/output" could not be created.
2018-01-18 00:34:09,463 WARNING Directory "/home/pi/kolchoz/savarts/dane_suhora/2017-11-16/test/output" could not be created.
2018-01-18 00:34:09,463 WARNING Directory "/home/pi/kolchoz/savarts/dane_suhora/2017-11-16/test/output" could not be created.
2018-01-18 00:34:09,463 WARNING Directory "/home/pi/kolchoz/savarts/dane_suhora/2017-11-16/test/output" could not be created.
2018-01-18 00:34:09,463 WARNING Directory "/home/pi/kolchoz/savarts/dane_suhora/2017-11-16/test/output" could not be created.
2018-01-18 00:34:09,800 INFO Images list has been created
2018-01-18 00:34:09,800 INFO Images list has been created
2018-01-18 00:34:09,800 INFO Images list has been created
2018-01-18 00:34:09,800 INFO Images list has been created
2018-01-18 00:34:09,800 INFO Images list has been created
2018-01-18 00:34:09,800 INFO Images list has been created
2018-01-18 00:34:09,800 INFO Images list has been created
2018-01-18 00:34:09,800 INFO Images list has been created
2018-01-18 00:34:09,800 INFO Images list has been created
2018-01-18 00:34:09,800 INFO Images list has been created
2018-01-18 00:34:09,800 INFO Images list has been created
2018-01-18 00:34:09,800 INFO Images list has been created
2018-01-18 00:34:09,800 INFO Images list has been created
2018-01-18 00:34:09,800 INFO Images list has been created
2018-01-18 00:34:09,800 INFO Images list has been created
2018-01-18 00:34:09,800 INFO Images list has been created
2018-01-18 00:34:09,800 INFO Images list has been created
2018-01-18 00:34:09,800 INFO Images list has been created
2018-01-18 00:34:09,800 INFO Images list has been created
2018-01-18 00:34:09,800 INFO Images list has been created
2018-01-18 00:34:09,801 INFO Images list length is 9
2018-01-18 00:34:09,801 INFO Images list length is 9
2018-01-18 00:34:09,801 INFO Images list length is 9
2018-01-18 00:34:09,801 INFO Images list length is 9
2018-01-18 00:34:09,801 INFO Images list length is 9
2018-01-18 00:34:09,801 INFO Images list length is 9
2018-01-18 00:34:09,801 INFO Images list length is 9
2018-01-18 00:34:09,801 INFO Images list length is 9
2018-01-18 00:34:09,801 INFO Images list length is 9
2018-01-18 00:34:09,801 INFO Images list length is 9
2018-01-18 00:34:09,801 INFO Images list length is 9
2018-01-18 00:34:09,801 INFO Images list length is 9
2018-01-18 00:34:09,801 INFO Images list length is 9
2018-01-18 00:34:09,801 INFO Images list length is 9
2018-01-18 00:34:09,801 INFO Images list length is 9
2018-01-18 00:34:09,801 INFO Images list length is 9
2018-01-18 00:34:09,801 INFO Images list length is 9
2018-01-18 00:34:09,801 INFO Images list length is 9
2018-01-18 00:34:09,801 INFO Images list length is 9
2018-01-18 00:34:09,801 INFO Images list length is 9
2018-01-18 00:34:28,103 INFO Images list has been created
2018-01-18 00:34:28,103 INFO Images list has been created
2018-01-18 00:34:28,103 INFO Images list has been created
2018-01-18 00:34:28,103 INFO Images list has been created
2018-01-18 00:34:28,103 INFO Images list has been created
2018-01-18 00:34:28,103 INFO Images list has been created
2018-01-18 00:34:28,103 INFO Images list has been created
2018-01-18 00:34:28,103 INFO Images list has been created
2018-01-18 00:34:28,103 INFO Images list has been created
2018-01-18 00:34:28,103 INFO Images list has been created
2018-01-18 00:34:28,103 INFO Images list has been created
2018-01-18 00:34:28,103 INFO Images list has been created
2018-01-18 00:34:28,103 INFO Images list has been created
2018-01-18 00:34:28,103 INFO Images list has been created
2018-01-18 00:34:28,103 INFO Images list has been created
2018-01-18 00:34:28,103 INFO Images list has been created
2018-01-18 00:34:28,103 INFO Images list has been created
2018-01-18 00:34:28,103 INFO Images list has been created
2018-01-18 00:34:28,103 INFO Images list has been created
2018-01-18 00:34:28,103 INFO Images list has been created
2018-01-18 00:34:28,103 INFO Images list has been created
2018-01-18 00:34:28,104 INFO Images list length is 9
2018-01-18 00:34:28,104 INFO Images list length is 9
2018-01-18 00:34:28,104 INFO Images list length is 9
2018-01-18 00:34:28,104 INFO Images list length is 9
2018-01-18 00:34:28,104 INFO Images list length is 9
2018-01-18 00:34:28,104 INFO Images list length is 9
2018-01-18 00:34:28,104 INFO Images list length is 9
2018-01-18 00:34:28,104 INFO Images list length is 9
2018-01-18 00:34:28,104 INFO Images list length is 9
2018-01-18 00:34:28,104 INFO Images list length is 9
2018-01-18 00:34:28,104 INFO Images list length is 9
2018-01-18 00:34:28,104 INFO Images list length is 9
2018-01-18 00:34:28,104 INFO Images list length is 9
2018-01-18 00:34:28,104 INFO Images list length is 9
2018-01-18 00:34:28,104 INFO Images list length is 9
2018-01-18 00:34:28,104 INFO Images list length is 9
2018-01-18 00:34:28,104 INFO Images list length is 9
2018-01-18 00:34:28,104 INFO Images list length is 9
2018-01-18 00:34:28,104 INFO Images list length is 9
2018-01-18 00:34:28,104 INFO Images list length is 9
2018-01-18 00:34:28,104 INFO Images list length is 9
2018-01-18 00:34:28,104 WARNING Directory "/home/pi/kolchoz/savarts/dane_suhora/2017-11-16/test/output" could not be created.
2018-01-18 00:34:28,104 WARNING Directory "/home/pi/kolchoz/savarts/dane_suhora/2017-11-16/test/output" could not be created.
2018-01-18 00:34:28,104 WARNING Directory "/home/pi/kolchoz/savarts/dane_suhora/2017-11-16/test/output" could not be created.
2018-01-18 00:34:28,104 WARNING Directory "/home/pi/kolchoz/savarts/dane_suhora/2017-11-16/test/output" could not be created.
2018-01-18 00:34:28,104 WARNING Directory "/home/pi/kolchoz/savarts/dane_suhora/2017-11-16/test/output" could not be created.
2018-01-18 00:34:28,104 WARNING Directory "/home/pi/kolchoz/savarts/dane_suhora/2017-11-16/test/output" could not be created.
2018-01-18 00:34:28,104 WARNING Directory "/home/pi/kolchoz/savarts/dane_suhora/2017-11-16/test/output" could not be created.
2018-01-18 00:34:28,104 WARNING Directory "/home/pi/kolchoz/savarts/dane_suhora/2017-11-16/test/output" could not be created.
2018-01-18 00:34:28,104 WARNING Directory "/home/pi/kolchoz/savarts/dane_suhora/2017-11-16/test/output" could not be created.
2018-01-18 00:34:28,104 WARNING Directory "/home/pi/kolchoz/savarts/dane_suhora/2017-11-16/test/output" could not be created.
2018-01-18 00:34:28,104 WARNING Directory "/home/pi/kolchoz/savarts/dane_suhora/2017-11-16/test/output" could not be created.
2018-01-18 00:34:28,104 WARNING Directory "/home/pi/kolchoz/savarts/dane_suhora/2017-11-16/test/output" could not be created.
2018-01-18 00:34:28,104 WARNING Directory "/home/pi/kolchoz/savarts/dane_suhora/2017-11-16/test/output" could not be created.
2018-01-18 00:34:28,104 WARNING Directory "/home/pi/kolchoz/savarts/dane_suhora/2017-11-16/test/output" could not be created.
2018-01-18 00:34:28,104 WARNING Directory "/home/pi/kolchoz/savarts/dane_suhora/2017-11-16/test/output" could not be created.
2018-01-18 00:34:28,104 WARNING Directory "/home/pi/kolchoz/savarts/dane_suhora/2017-11-16/test/output" could not be created.
2018-01-18 00:34:28,104 WARNING Directory "/home/pi/kolchoz/savarts/dane_suhora/2017-11-16/test/output" could not be created.
2018-01-18 00:34:28,104 WARNING Directory "/home/pi/kolchoz/savarts/dane_suhora/2017-11-16/test/output" could not be created.
2018-01-18 00:34:28,104 WARNING Directory "/home/pi/kolchoz/savarts/dane_suhora/2017-11-16/test/output" could not be created.
2018-01-18 00:34:28,104 WARNING Directory "/home/pi/kolchoz/savarts/dane_suhora/2017-11-16/test/output" could not be created.
2018-01-18 00:34:28,104 WARNING Directory "/home/pi/kolchoz/savarts/dane_suhora/2017-11-16/test/output" could not be created.
2018-01-18 00:34:28,365 INFO Images list has been created
2018-01-18 00:34:28,365 INFO Images list has been created
2018-01-18 00:34:28,365 INFO Images list has been created
2018-01-18 00:34:28,365 INFO Images list has been created
2018-01-18 00:34:28,365 INFO Images list has been created
2018-01-18 00:34:28,365 INFO Images list has been created
2018-01-18 00:34:28,365 INFO Images list has been created
2018-01-18 00:34:28,365 INFO Images list has been created
2018-01-18 00:34:28,365 INFO Images list has been created
2018-01-18 00:34:28,365 INFO Images list has been created
2018-01-18 00:34:28,365 INFO Images list has been created
2018-01-18 00:34:28,365 INFO Images list has been created
2018-01-18 00:34:28,365 INFO Images list has been created
2018-01-18 00:34:28,365 INFO Images list has been created
2018-01-18 00:34:28,365 INFO Images list has been created
2018-01-18 00:34:28,365 INFO Images list has been created
2018-01-18 00:34:28,365 INFO Images list has been created
2018-01-18 00:34:28,365 INFO Images list has been created
2018-01-18 00:34:28,365 INFO Images list has been created
2018-01-18 00:34:28,365 INFO Images list has been created
2018-01-18 00:34:28,365 INFO Images list has been created
2018-01-18 00:34:28,366 INFO Images list length is 9
2018-01-18 00:34:28,366 INFO Images list length is 9
2018-01-18 00:34:28,366 INFO Images list length is 9
2018-01-18 00:34:28,366 INFO Images list length is 9
2018-01-18 00:34:28,366 INFO Images list length is 9
2018-01-18 00:34:28,366 INFO Images list length is 9
2018-01-18 00:34:28,366 INFO Images list length is 9
2018-01-18 00:34:28,366 INFO Images list length is 9
2018-01-18 00:34:28,366 INFO Images list length is 9
2018-01-18 00:34:28,366 INFO Images list length is 9
2018-01-18 00:34:28,366 INFO Images list length is 9
2018-01-18 00:34:28,366 INFO Images list length is 9
2018-01-18 00:34:28,366 INFO Images list length is 9
2018-01-18 00:34:28,366 INFO Images list length is 9
2018-01-18 00:34:28,366 INFO Images list length is 9
2018-01-18 00:34:28,366 INFO Images list length is 9
2018-01-18 00:34:28,366 INFO Images list length is 9
2018-01-18 00:34:28,366 INFO Images list length is 9
2018-01-18 00:34:28,366 INFO Images list length is 9
2018-01-18 00:34:28,366 INFO Images list length is 9
2018-01-18 00:34:28,366 INFO Images list length is 9
